[2025-10-01 17:37:01] Cron pokrenut
[2025-10-01 17:37:01] EXCEPTION: SQLSTATE[42S22]: Column not found: 1054 Unknown column 's.name' in 'field list' in D:\laragon\www\projects\barber_booking_app\backend\models\appointment\GetEmailReminderModel.php:37
#0 D:\laragon\www\projects\barber_booking_app\backend\models\appointment\GetEmailReminderModel.php(37): PDO->prepare('\r\n             ...')
#1 D:\laragon\www\projects\barber_booking_app\backend\models\appointment\SendEmailReminderModel.php(195): GetEmailReminderModel->getAppointmentsForTomorrowReminder()
#2 D:\laragon\www\projects\barber_booking_app\backend\cron\send_email_reminders.php(29): SendEmailReminderModel->sendAllTomorrowReminders()
#3 {main}[2025-10-01 17:58:23] Cron pokrenut
[2025-10-01 17:58:25] OK: Sent 1 / 1 reminders. Errors: none
[2025-10-01 18:00:32] Cron pokrenut
[2025-10-01 18:00:33] OK: Sent 1 / 1 reminders. Errors: none
[2025-10-01 21:51:35] Cron pokrenut
[2025-10-01 21:51:37] OK: Sent 1 / 1 reminders. Errors: none
[2025-10-01 21:55:28] Cron pokrenut
[2025-10-01 21:55:33] OK: Sent 3 / 3 reminders. Errors: none
[2025-10-01 22:20:20] Cron pokrenut
[2025-10-01 22:20:24] OK: Sent 3 / 3 reminders. Errors: none
[2025-10-02 23:29:15] Cron pokrenut
[2025-10-02 23:29:20] OK: Sent 3 / 3 reminders. Errors: none
[2025-10-02 23:30:54] Cron pokrenut
[2025-10-02 23:30:58] OK: Sent 3 / 3 reminders. Errors: none
[2025-10-02 23:37:39] Cron pokrenut
[2025-10-02 23:37:52] OK: Sent 3 / 3 reminders. Errors: none
[2025-10-02 23:41:23] Cron pokrenut
[2025-10-02 23:41:39] OK: Sent 4 / 4 reminders. Errors: none
