[2025-11-07 17:58:49] {"time":"2025-11-07 17:58:49","level":"error","context":"forgot_password_email","message":"SMTP Error: Could not connect to SMTP host.","user_id":1,"email":"mjrocky1918@gmail.com"}
[2025-11-07 17:59:16] {"time":"2025-11-07 17:59:16","level":"error","context":"forgot_password_email","message":"SMTP Error: Could not connect to SMTP host.","user_id":1,"email":"mjrocky1918@gmail.com"}
[2025-11-07 18:03:07] {"time":"2025-11-07 18:03:07","level":"error","context":"forgot_password_email","message":"SMTP Error: Could not connect to SMTP host.","user_id":1,"email":"mjrocky1918@gmail.com"}
[2025-11-07 18:03:07] {"time":"2025-11-07 18:03:07","level":"error","context":"forgot_password_flow","message":"Greška prilikom slanja email-a: SMTP Error: Could not connect to SMTP host.","user_id":1,"email":"mjrocky1918@gmail.com"}
[2025-11-07 18:04:11] {"time":"2025-11-07 18:04:11","level":"error","context":"forgot_password_email","message":"SMTP Error: Could not connect to SMTP host.","user_id":1,"email":"mjrocky1918@gmail.com"}
[2025-11-07 18:04:11] {"time":"2025-11-07 18:04:11","level":"error","context":"forgot_password_flow","message":"Greška prilikom slanja email-a: SMTP Error: Could not connect to SMTP host.","user_id":1,"email":"mjrocky1918@gmail.com"}
[2025-11-07 18:06:17] {"time":"2025-11-07 18:06:17","level":"error","context":"forgot_password_email","message":"SMTP Error: Could not connect to SMTP host.","user_id":1,"email":"mjrocky1918@gmail.com"}
[2025-11-07 18:06:17] {"time":"2025-11-07 18:06:17","level":"error","context":"forgot_password_flow","message":"Greška prilikom slanja email-a: SMTP Error: Could not connect to SMTP host.","user_id":1,"email":"mjrocky1918@gmail.com"}
[2025-11-07 18:09:41] {"time":"2025-11-07 18:09:41","level":"error","context":"forgot_password_email","message":"SMTP Error: Could not connect to SMTP host.","user_id":1,"email":"mjrocky1918@gmail.com"}
[2025-11-07 18:12:03] {"time":"2025-11-07 18:12:03","level":"error","context":"forgot_password_email","message":"SMTP Error: Could not connect to SMTP host.","user_id":1,"email":"mjrocky1918@gmail.com"}
[2025-11-07 18:12:03] {"time":"2025-11-07 18:12:03","level":"error","context":"forgot_password_flow","message":"Greška prilikom slanja email-a: SMTP Error: Could not connect to SMTP host.","user_id":1,"email":"mjrocky1918@gmail.com"}
[2025-11-07 18:12:03] {"time":"2025-11-07 18:12:03","level":"error","context":"forgot_password_email","message":"SMTP Error: Could not connect to SMTP host.","user_id":1,"email":"mjrocky1918@gmail.com"}
[2025-11-07 18:12:03] {"time":"2025-11-07 18:12:03","level":"error","context":"forgot_password_flow","message":"Greška prilikom slanja email-a: SMTP Error: Could not connect to SMTP host.","user_id":1,"email":"mjrocky1918@gmail.com"}
[2025-11-07 18:13:11] {"time":"2025-11-07 18:13:11","level":"error","context":"forgot_password_email","message":"SMTP Error: Could not connect to SMTP host.","user_id":1,"email":"mjrocky1918@gmail.com"}
[2025-11-07 18:13:11] {"time":"2025-11-07 18:13:11","level":"error","context":"forgot_password_flow","message":"Greška prilikom slanja email-a: SMTP Error: Could not connect to SMTP host.","user_id":1,"email":"mjrocky1918@gmail.com"}
[2025-11-07 18:13:44] {"time":"2025-11-07 18:13:44","level":"error","context":"forgot_password_email","message":"SMTP Error: Could not connect to SMTP host.","user_id":1,"email":"mjrocky1918@gmail.com"}
[2025-11-07 22:29:20] {"time":"2025-11-07 22:29:20","level":"error","context":"forgot_password_flow","message":"Greška prilikom slanja email-a: SMTP Error: Could not connect to SMTP host.","user_id":1,"email":"mjrocky1918@gmail.com"}
[2025-11-07 22:30:33] {"time":"2025-11-07 22:30:33","level":"error","context":"forgot_password_flow","message":"Greška prilikom slanja email-a: SMTP Error: Could not connect to SMTP host.","user_id":1,"email":"mjrocky1918@gmail.com"}
[2025-11-07 22:33:17] {"time":"2025-11-07 22:33:17","level":"error","context":"forgot_password_email","message":"SMTP Error: Could not connect to SMTP host.","user_id":1,"email":"mjrocky1918@gmail.com"}
[2025-11-07 22:33:17] {"time":"2025-11-07 22:33:17","level":"error","context":"forgot_password_flow","message":"Greška prilikom slanja email-a: SMTP Error: Could not connect to SMTP host.","user_id":1,"email":"mjrocky1918@gmail.com"}
[2025-11-07 22:34:32] {"time":"2025-11-07 22:34:32","level":"error","context":"forgot_password_email","message":"SMTP Error: Could not connect to SMTP host.","user_id":1,"email":"mjrocky1918@gmail.com"}
[2025-11-07 22:35:50] {"time":"2025-11-07 22:35:50","level":"error","context":"forgot_password_email","message":"SMTP Error: Could not connect to SMTP host.","user_id":1,"email":"mjrocky1918@gmail.com"}
[2025-11-07 22:58:09] {"time":"2025-11-07 22:58:09","level":"error","context":"forgot_password_email","message":"SMTP Error: Could not connect to SMTP host.","user_id":1,"email":"mjrocky1918@gmail.com"}
[2025-11-07 23:12:23] {"time":"2025-11-07 23:12:23","level":"error","context":"forgot_password_email","message":"SMTP Error: Could not connect to SMTP host.","user_id":1,"email":"mjrocky1918@gmail.com"}
[2025-11-07 23:12:23] {"time":"2025-11-07 23:12:23","level":"error","context":"forgot_password_flow","message":"Pogrešan format: SMTP Error: Could not connect to SMTP host.","user_id":1,"email":"mjrocky1918@gmail.com"}
[2025-11-07 23:14:39] {"time":"2025-11-07 23:14:39","level":"error","context":"forgot_password_email","message":"SMTP Error: Could not connect to SMTP host.","user_id":1,"email":"mjrocky1918@gmail.com"}
[2025-11-07 23:14:39] {"time":"2025-11-07 23:14:39","level":"error","context":"forgot_password_flow","message":"Pogrešan format: SMTP Error: Could not connect to SMTP host.","user_id":1,"email":"mjrocky1918@gmail.com"}
[2025-11-07 23:21:06] {"time":"2025-11-07 23:21:06","level":"error","context":"forgot_password_flow","message":"Ukoliko postoji korisnik sa unetim emailom, primićete email sa uputstvom.","user_id":null,"email":"mjrocky1918@gmail.co"}
[2025-11-07 23:21:06] {"time":"2025-11-07 23:21:06","level":"error","context":"forgot_password_flow","message":"Ukoliko postoji korisnik sa unetim emailom, primićete email sa uputstvom.","user_id":null,"email":"mjrocky1918@gmail.co"}
[2025-11-07 23:22:00] {"time":"2025-11-07 23:22:00","level":"error","context":"forgot_password_flow","message":"Ukoliko postoji korisnik sa unetim emailom, primićete email sa uputstvom.","user_id":null,"email":"mjrocky1918@gmail.co"}
[2025-11-07 23:22:00] {"time":"2025-11-07 23:22:00","level":"error","context":"forgot_password_flow","message":"Ukoliko postoji korisnik sa unetim emailom, primićete email sa uputstvom.","user_id":null,"email":"mjrocky1918@gmail.co"}
[2025-11-07 23:27:29] {"time":"2025-11-07 23:27:29","level":"error","context":"forgot_password_flow","message":"Ukoliko postoji korisnik sa unetim emailom, primićete email sa uputstvom.","user_id":null,"email":"mjrocky1918@gmail.co"}
[2025-11-07 23:29:46] {"time":"2025-11-07 23:29:46","level":"error","context":"forgot_password_flow","message":"Ukoliko postoji korisnik sa unetim emailom, primićete email sa uputstvom.","user_id":null,"email":"mjrocky1918@gmail.co"}
[2025-11-07 23:30:43] {"time":"2025-11-07 23:30:43","level":"error","context":"forgot_password_flow","message":"Ukoliko postoji korisnik sa unetim emailom, primićete email sa uputstvom.","user_id":null,"email":"mjrocky1918@gmail.co"}
[2025-11-07 23:35:41] {"time":"2025-11-07 23:35:41","level":"error","context":"forgot_password_flow","message":"Ukoliko postoji korisnik sa unetim emailom, primićete email sa uputstvom.","user_id":null,"email":"mjrocky1918@gmail.co"}
[2025-11-07 23:43:44] {"time":"2025-11-07 23:43:44","level":"error","context":"forgot_password_email","message":"SMTP Error: Could not connect to SMTP host.","user_id":1,"email":"mjrocky1918@gmail.com"}
[2025-11-07 23:43:44] {"time":"2025-11-07 23:43:44","level":"error","context":"forgot_password_flow","message":"Pogrešan format: SMTP Error: Could not connect to SMTP host.","user_id":1,"email":"mjrocky1918@gmail.com"}
[2025-11-07 23:49:25] {"time":"2025-11-07 23:49:25","level":"error","context":"forgot_password_email","message":"SMTP Error: Could not connect to SMTP host.","user_id":1,"email":"mjrocky1918@gmail.com"}
[2025-11-07 23:49:25] {"time":"2025-11-07 23:49:25","level":"error","context":"forgot_password_flow","message":"Pogrešan format: SMTP Error: Could not connect to SMTP host.","user_id":1,"email":"mjrocky1918@gmail.com"}
[2025-11-07 23:50:29] {"time":"2025-11-07 23:50:29","level":"error","context":"forgot_password_email","message":"SMTP Error: Could not connect to SMTP host.","user_id":1,"email":"mjrocky1918@gmail.com"}
[2025-11-07 23:50:29] {"time":"2025-11-07 23:50:29","level":"error","context":"forgot_password_flow","message":"Pogrešan format: SMTP Error: Could not connect to SMTP host.","user_id":1,"email":"mjrocky1918@gmail.com"}
[2025-11-07 23:53:04] {"time":"2025-11-07 23:53:04","level":"error","context":"forgot_password_email","message":"SMTP Error: Could not connect to SMTP host.","user_id":1,"email":"mjrocky1918@gmail.com"}
[2025-11-07 23:54:27] {"time":"2025-11-07 23:54:27","level":"error","context":"forgot_password_email","message":"SMTP Error: Could not connect to SMTP host.","user_id":1,"email":"mjrocky1918@gmail.com"}
[2025-11-07 23:54:28] {"time":"2025-11-07 23:54:28","level":"error","context":"forgot_password_email","message":"SMTP Error: Could not connect to SMTP host.","user_id":1,"email":"mjrocky1918@gmail.com"}
[2025-11-07 23:57:23] {"time":"2025-11-07 23:57:23","level":"error","context":"forgot_password_email","message":"SMTP Error: Could not connect to SMTP host.","user_id":1,"email":"mjrocky1918@gmail.com"}
[2025-11-07 23:57:23] {"time":"2025-11-07 23:57:23","level":"error","context":"forgot_password_email","message":"SMTP Error: Could not connect to SMTP host.","user_id":1,"email":"mjrocky1918@gmail.com"}
[2025-11-08 00:17:25] {"time":"2025-11-08 00:17:25","level":"error","context":"forgot_password_flow","message":"SMTP Error: Could not connect to SMTP host.","user_id":1,"email":null}
[2025-11-08 00:31:10] {"time":"2025-11-08 00:31:10","level":"error","context":"forgot_password_email","message":"SMTP Error: Could not connect to SMTP host.","user_id":1,"email":"mjrocky1918@gmail.com"}
[2025-11-08 00:33:59] {"time":"2025-11-08 00:33:59","level":"error","context":"forgot_password_email","message":"SMTP Error: Could not connect to SMTP host.","user_id":1,"email":"mjrocky1918@gmail.com"}
[2025-11-08 00:47:56] {"time":"2025-11-08 00:47:56","level":"error","context":"forgot_password_email","message":"SMTP Error: Could not connect to SMTP host.","user_id":1,"email":"mjrocky1918@gmail.com"}
[2025-11-08 00:48:14] {"time":"2025-11-08 00:48:14","level":"error","context":"forgot_password_email","message":"SMTP Error: Could not connect to SMTP host.","user_id":1,"email":"mjrocky1918@gmail.com"}
[2025-11-08 00:58:56] {"time":"2025-11-08 00:58:56","level":"error","context":"forgot_password_flow","message":"Unos novog tokena nije uspeo","user_id":1,"email":"mjrocky1918@gmail.com"}
[2025-11-08 00:58:56] {"time":"2025-11-08 00:58:56","level":"error","context":"forgot_password_flow","message":"Unos novog tokena nije uspeo","user_id":1,"email":"mjrocky1918@gmail.com"}
[2025-11-08 01:00:45] {"time":"2025-11-08 01:00:45","level":"error","context":"forgot_password_flow","message":"Unos novog tokena nije uspeo","user_id":1,"email":"mjrocky1918@gmail.com"}
[2025-11-08 01:01:13] {"time":"2025-11-08 01:01:13","level":"error","context":"forgot_password_flow","message":"Unos novog tokena nije uspeo","user_id":1,"email":"mjrocky1918@gmail.com"}
[2025-11-08 01:01:55] {"time":"2025-11-08 01:01:55","level":"error","context":"forgot_password_email","message":"SMTP Error: Could not connect to SMTP host.","user_id":1,"email":"mjrocky1918@gmail.com"}
